CRITICAL - 2021-11-17 19:47:45 --> Invalid file: layout.php
#0 C:\xampp\htdocs\ci4\system\View\View.php(198): CodeIgniter\Exceptions\FrameworkException::forInvalidFile('layout.php')
#1 C:\xampp\htdocs\ci4\system\View\View.php(230): CodeIgniter\View\View->render('layout', Array, true)
#2 C:\xampp\htdocs\ci4\system\Common.php(1097): CodeIgniter\View\View->render('login/login_ind...', Array, true)
#3 C:\xampp\htdocs\ci4\app\Controllers\Login.php(19): view('login/login_ind...', Array)
#4 C:\xampp\htdocs\ci4\system\CodeIgniter.php(824): App\Controllers\Login->index()
#5 C:\xampp\htdocs\ci4\system\CodeIgniter.php(410): CodeIgniter\CodeIgniter->runController(Object(App\Controllers\Login))
#6 C:\xampp\htdocs\ci4\system\CodeIgniter.php(318): CodeIgniter\CodeIgniter->handleRequest(NULL, Object(Config\Cache), false)
#7 C:\xampp\htdocs\ci4\index.php(37): CodeIgniter\CodeIgniter->run()
#8 {main}
CRITICAL - 2021-11-17 20:09:24 --> Invalid file: licenciandos/licenciandos_index.php
#0 C:\xampp\htdocs\ci4\system\View\View.php(198): CodeIgniter\Exceptions\FrameworkException::forInvalidFile('licenciandos/li...')
#1 C:\xampp\htdocs\ci4\system\Common.php(1097): CodeIgniter\View\View->render('licenciandos/li...', Array, true)
#2 C:\xampp\htdocs\ci4\app\Controllers\Licenciandos.php(31): view('licenciandos/li...', Array)
#3 C:\xampp\htdocs\ci4\system\CodeIgniter.php(824): App\Controllers\Licenciandos->index()
#4 C:\xampp\htdocs\ci4\system\CodeIgniter.php(410): CodeIgniter\CodeIgniter->runController(Object(App\Controllers\Licenciandos))
#5 C:\xampp\htdocs\ci4\system\CodeIgniter.php(318): CodeIgniter\CodeIgniter->handleRequest(NULL, Object(Config\Cache), false)
#6 C:\xampp\htdocs\ci4\index.php(37): CodeIgniter\CodeIgniter->run()
#7 {main}
CRITICAL - 2021-11-17 20:23:11 --> Call to undefined function App\Controllers\msgbox()
#0 C:\xampp\htdocs\ci4\system\CodeIgniter.php(824): App\Controllers\Usuarios->login()
#1 C:\xampp\htdocs\ci4\system\CodeIgniter.php(410): CodeIgniter\CodeIgniter->runController(Object(App\Controllers\Usuarios))
#2 C:\xampp\htdocs\ci4\system\CodeIgniter.php(318): CodeIgniter\CodeIgniter->handleRequest(NULL, Object(Config\Cache), false)
#3 C:\xampp\htdocs\ci4\index.php(37): CodeIgniter\CodeIgniter->run()
#4 {main}
CRITICAL - 2021-11-17 20:24:57 -->  route cannot be found while reverse-routing.
#0 C:\xampp\htdocs\ci4\system\HTTP\RedirectResponse.php(56): CodeIgniter\HTTP\Exceptions\HTTPException::forInvalidRedirectRoute('')
#1 C:\xampp\htdocs\ci4\system\Common.php(840): CodeIgniter\HTTP\RedirectResponse->route(false)
#2 C:\xampp\htdocs\ci4\app\Controllers\Usuarios.php(169): redirect('login')
#3 C:\xampp\htdocs\ci4\system\CodeIgniter.php(824): App\Controllers\Usuarios->login()
#4 C:\xampp\htdocs\ci4\system\CodeIgniter.php(410): CodeIgniter\CodeIgniter->runController(Object(App\Controllers\Usuarios))
#5 C:\xampp\htdocs\ci4\system\CodeIgniter.php(318): CodeIgniter\CodeIgniter->handleRequest(NULL, Object(Config\Cache), false)
#6 C:\xampp\htdocs\ci4\index.php(37): CodeIgniter\CodeIgniter->run()
#7 {main}
CRITICAL - 2021-11-17 20:32:44 -->  route cannot be found while reverse-routing.
#0 C:\xampp\htdocs\ci4\system\HTTP\RedirectResponse.php(56): CodeIgniter\HTTP\Exceptions\HTTPException::forInvalidRedirectRoute('')
#1 C:\xampp\htdocs\ci4\system\Common.php(840): CodeIgniter\HTTP\RedirectResponse->route(false)
#2 C:\xampp\htdocs\ci4\app\Controllers\Login.php(41): redirect('login')
#3 C:\xampp\htdocs\ci4\system\CodeIgniter.php(824): App\Controllers\Login->login()
#4 C:\xampp\htdocs\ci4\system\CodeIgniter.php(410): CodeIgniter\CodeIgniter->runController(Object(App\Controllers\Login))
#5 C:\xampp\htdocs\ci4\system\CodeIgniter.php(318): CodeIgniter\CodeIgniter->handleRequest(NULL, Object(Config\Cache), false)
#6 C:\xampp\htdocs\ci4\index.php(37): CodeIgniter\CodeIgniter->run()
#7 {main}
CRITICAL - 2021-11-17 20:36:30 --> Undefined variable: titulo
#0 C:\xampp\htdocs\ci4\app\Views\login\login_index.php(15): CodeIgniter\Debug\Exceptions->errorHandler(8, 'Undefined varia...', 'C:\\xampp\\htdocs...', 15, Array)
#1 C:\xampp\htdocs\ci4\system\View\View.php(214): include('C:\\xampp\\htdocs...')
#2 C:\xampp\htdocs\ci4\system\View\View.php(217): CodeIgniter\View\View->CodeIgniter\View\{closure}()
#3 C:\xampp\htdocs\ci4\system\Common.php(1097): CodeIgniter\View\View->render('login/login_ind...', Array, true)
#4 C:\xampp\htdocs\ci4\app\Controllers\Usuarios.php(70): view('login/login_ind...')
#5 C:\xampp\htdocs\ci4\system\CodeIgniter.php(824): App\Controllers\Usuarios->login_index()
#6 C:\xampp\htdocs\ci4\system\CodeIgniter.php(410): CodeIgniter\CodeIgniter->runController(Object(App\Controllers\Usuarios))
#7 C:\xampp\htdocs\ci4\system\CodeIgniter.php(318): CodeIgniter\CodeIgniter->handleRequest(NULL, Object(Config\Cache), false)
#8 C:\xampp\htdocs\ci4\index.php(37): CodeIgniter\CodeIgniter->run()
#9 {main}
CRITICAL - 2021-11-17 20:39:20 --> Unable to determine what should be displayed. A default route has not been specified in the routing file.
#0 C:\xampp\htdocs\ci4\system\Router\Router.php(671): CodeIgniter\Router\Exceptions\RouterException::forMissingDefaultRoute()
#1 C:\xampp\htdocs\ci4\system\Router\Router.php(469): CodeIgniter\Router\Router->setDefaultController()
#2 C:\xampp\htdocs\ci4\system\Router\Router.php(176): CodeIgniter\Router\Router->autoRoute('/')
#3 C:\xampp\htdocs\ci4\system\CodeIgniter.php(718): CodeIgniter\Router\Router->handle('/')
#4 C:\xampp\htdocs\ci4\system\CodeIgniter.php(359): CodeIgniter\CodeIgniter->tryToRouteIt(Object(CodeIgniter\Router\RouteCollection))
#5 C:\xampp\htdocs\ci4\system\CodeIgniter.php(318): CodeIgniter\CodeIgniter->handleRequest(NULL, Object(Config\Cache), false)
#6 C:\xampp\htdocs\ci4\index.php(37): CodeIgniter\CodeIgniter->run()
#7 {main}
CRITICAL - 2021-11-17 20:39:35 --> Unable to determine what should be displayed. A default route has not been specified in the routing file.
#0 C:\xampp\htdocs\ci4\system\Router\Router.php(671): CodeIgniter\Router\Exceptions\RouterException::forMissingDefaultRoute()
#1 C:\xampp\htdocs\ci4\system\Router\Router.php(469): CodeIgniter\Router\Router->setDefaultController()
#2 C:\xampp\htdocs\ci4\system\Router\Router.php(176): CodeIgniter\Router\Router->autoRoute('/')
#3 C:\xampp\htdocs\ci4\system\CodeIgniter.php(718): CodeIgniter\Router\Router->handle('/')
#4 C:\xampp\htdocs\ci4\system\CodeIgniter.php(359): CodeIgniter\CodeIgniter->tryToRouteIt(Object(CodeIgniter\Router\RouteCollection))
#5 C:\xampp\htdocs\ci4\system\CodeIgniter.php(318): CodeIgniter\CodeIgniter->handleRequest(NULL, Object(Config\Cache), false)
#6 C:\xampp\htdocs\ci4\index.php(37): CodeIgniter\CodeIgniter->run()
#7 {main}
CRITICAL - 2021-11-17 20:57:58 --> Undefined property: App\Controllers\Licenciandos::$documentosModel
#0 C:\xampp\htdocs\ci4\app\Controllers\Licenciandos.php(57): CodeIgniter\Debug\Exceptions->errorHandler(8, 'Undefined prope...', 'C:\\xampp\\htdocs...', 57, Array)
#1 C:\xampp\htdocs\ci4\system\CodeIgniter.php(824): App\Controllers\Licenciandos->editar('171')
#2 C:\xampp\htdocs\ci4\system\CodeIgniter.php(410): CodeIgniter\CodeIgniter->runController(Object(App\Controllers\Licenciandos))
#3 C:\xampp\htdocs\ci4\system\CodeIgniter.php(318): CodeIgniter\CodeIgniter->handleRequest(NULL, Object(Config\Cache), false)
#4 C:\xampp\htdocs\ci4\index.php(37): CodeIgniter\CodeIgniter->run()
#5 {main}
CRITICAL - 2021-11-17 21:16:06 --> Trying to access array offset on value of type null
#0 C:\xampp\htdocs\ci4\app\Controllers\Licenciandos.php(94): CodeIgniter\Debug\Exceptions->errorHandler(8, 'Trying to acces...', 'C:\\xampp\\htdocs...', 94, Array)
#1 C:\xampp\htdocs\ci4\app\Controllers\Licenciandos.php(41): App\Controllers\Licenciandos->salvar()
#2 C:\xampp\htdocs\ci4\system\CodeIgniter.php(824): App\Controllers\Licenciandos->adicionar()
#3 C:\xampp\htdocs\ci4\system\CodeIgniter.php(410): CodeIgniter\CodeIgniter->runController(Object(App\Controllers\Licenciandos))
#4 C:\xampp\htdocs\ci4\system\CodeIgniter.php(318): CodeIgniter\CodeIgniter->handleRequest(NULL, Object(Config\Cache), false)
#5 C:\xampp\htdocs\ci4\index.php(37): CodeIgniter\CodeIgniter->run()
#6 {main}
CRITICAL - 2021-11-17 21:16:24 --> Trying to access array offset on value of type null
#0 C:\xampp\htdocs\ci4\app\Controllers\Licenciandos.php(94): CodeIgniter\Debug\Exceptions->errorHandler(8, 'Trying to acces...', 'C:\\xampp\\htdocs...', 94, Array)
#1 C:\xampp\htdocs\ci4\app\Controllers\Licenciandos.php(41): App\Controllers\Licenciandos->salvar()
#2 C:\xampp\htdocs\ci4\system\CodeIgniter.php(824): App\Controllers\Licenciandos->adicionar()
#3 C:\xampp\htdocs\ci4\system\CodeIgniter.php(410): CodeIgniter\CodeIgniter->runController(Object(App\Controllers\Licenciandos))
#4 C:\xampp\htdocs\ci4\system\CodeIgniter.php(318): CodeIgniter\CodeIgniter->handleRequest(NULL, Object(Config\Cache), false)
#5 C:\xampp\htdocs\ci4\index.php(37): CodeIgniter\CodeIgniter->run()
#6 {main}
CRITICAL - 2021-11-17 21:18:28 --> Class 'Dompdf\Dompdf' not found
#0 C:\xampp\htdocs\ci4\system\CodeIgniter.php(824): App\Controllers\Documentos->emitir('171', '1')
#1 C:\xampp\htdocs\ci4\system\CodeIgniter.php(410): CodeIgniter\CodeIgniter->runController(Object(App\Controllers\Documentos))
#2 C:\xampp\htdocs\ci4\system\CodeIgniter.php(318): CodeIgniter\CodeIgniter->handleRequest(NULL, Object(Config\Cache), false)
#3 C:\xampp\htdocs\ci4\index.php(37): CodeIgniter\CodeIgniter->run()
#4 {main}
CRITICAL - 2021-11-17 21:18:53 --> Class 'Dompdf\Dompdf' not found
#0 C:\xampp\htdocs\ci4\system\CodeIgniter.php(824): App\Controllers\Documentos->emitir('171', '1')
#1 C:\xampp\htdocs\ci4\system\CodeIgniter.php(410): CodeIgniter\CodeIgniter->runController(Object(App\Controllers\Documentos))
#2 C:\xampp\htdocs\ci4\system\CodeIgniter.php(318): CodeIgniter\CodeIgniter->handleRequest(NULL, Object(Config\Cache), false)
#3 C:\xampp\htdocs\ci4\index.php(37): CodeIgniter\CodeIgniter->run()
#4 {main}
CRITICAL - 2021-11-17 21:39:44 --> include(autoload.inc.php): failed to open stream: No such file or directory
#0 C:\xampp\htdocs\ci4\app\Controllers\BaseController.php(13): CodeIgniter\Debug\Exceptions->errorHandler(2, 'include(autoloa...', 'C:\\xampp\\htdocs...', 13, Array)
#1 C:\xampp\htdocs\ci4\app\Controllers\BaseController.php(13): include()
#2 C:\xampp\htdocs\ci4\system\Autoloader\Autoloader.php(264): include_once('C:\\xampp\\htdocs...')
#3 C:\xampp\htdocs\ci4\system\Autoloader\Autoloader.php(241): CodeIgniter\Autoloader\Autoloader->includeFile('C:\\xampp\\htdocs...')
#4 C:\xampp\htdocs\ci4\system\Autoloader\Autoloader.php(219): CodeIgniter\Autoloader\Autoloader->loadInNamespace('App\\Controllers...')
#5 [internal function]: CodeIgniter\Autoloader\Autoloader->loadClass('App\\Controllers...')
#6 C:\xampp\htdocs\ci4\app\Controllers\Licenciandos.php(10): spl_autoload_call('App\\Controllers...')
#7 C:\xampp\htdocs\ci4\system\Router\Router.php(519): include_once('C:\\xampp\\htdocs...')
#8 C:\xampp\htdocs\ci4\system\Router\Router.php(176): CodeIgniter\Router\Router->autoRoute('licenciandos/ed...')
#9 C:\xampp\htdocs\ci4\system\CodeIgniter.php(718): CodeIgniter\Router\Router->handle('licenciandos/ed...')
#10 C:\xampp\htdocs\ci4\system\CodeIgniter.php(359): CodeIgniter\CodeIgniter->tryToRouteIt(Object(CodeIgniter\Router\RouteCollection))
#11 C:\xampp\htdocs\ci4\system\CodeIgniter.php(318): CodeIgniter\CodeIgniter->handleRequest(NULL, Object(Config\Cache), false)
#12 C:\xampp\htdocs\ci4\index.php(37): CodeIgniter\CodeIgniter->run()
#13 {main}
CRITICAL - 2021-11-17 21:40:03 --> include(C:\xampp\htdocs\ci4\app\autoload.inc.php): failed to open stream: No such file or directory
#0 C:\xampp\htdocs\ci4\app\Controllers\BaseController.php(13): CodeIgniter\Debug\Exceptions->errorHandler(2, 'include(C:\\xamp...', 'C:\\xampp\\htdocs...', 13, Array)
#1 C:\xampp\htdocs\ci4\app\Controllers\BaseController.php(13): include()
#2 C:\xampp\htdocs\ci4\system\Autoloader\Autoloader.php(264): include_once('C:\\xampp\\htdocs...')
#3 C:\xampp\htdocs\ci4\system\Autoloader\Autoloader.php(241): CodeIgniter\Autoloader\Autoloader->includeFile('C:\\xampp\\htdocs...')
#4 C:\xampp\htdocs\ci4\system\Autoloader\Autoloader.php(219): CodeIgniter\Autoloader\Autoloader->loadInNamespace('App\\Controllers...')
#5 [internal function]: CodeIgniter\Autoloader\Autoloader->loadClass('App\\Controllers...')
#6 C:\xampp\htdocs\ci4\app\Controllers\Licenciandos.php(10): spl_autoload_call('App\\Controllers...')
#7 C:\xampp\htdocs\ci4\system\Router\Router.php(519): include_once('C:\\xampp\\htdocs...')
#8 C:\xampp\htdocs\ci4\system\Router\Router.php(176): CodeIgniter\Router\Router->autoRoute('licenciandos/ed...')
#9 C:\xampp\htdocs\ci4\system\CodeIgniter.php(718): CodeIgniter\Router\Router->handle('licenciandos/ed...')
#10 C:\xampp\htdocs\ci4\system\CodeIgniter.php(359): CodeIgniter\CodeIgniter->tryToRouteIt(Object(CodeIgniter\Router\RouteCollection))
#11 C:\xampp\htdocs\ci4\system\CodeIgniter.php(318): CodeIgniter\CodeIgniter->handleRequest(NULL, Object(Config\Cache), false)
#12 C:\xampp\htdocs\ci4\index.php(37): CodeIgniter\CodeIgniter->run()
#13 {main}
