CRITICAL - 2022-03-28 01:44:13 --> Array to string conversion
#0 C:\xampp\htdocs\sistemadalpe\app\Views\documentos\documentos_index.php(42): CodeIgniter\Debug\Exceptions->errorHandler(8, 'Array to string...', 'C:\\xampp\\htdocs...', 42, Array)
#1 C:\xampp\htdocs\sistemadalpe\system\View\View.php(214): include('C:\\xampp\\htdocs...')
#2 C:\xampp\htdocs\sistemadalpe\system\View\View.php(217): CodeIgniter\View\View->CodeIgniter\View\{closure}()
#3 C:\xampp\htdocs\sistemadalpe\system\Common.php(1097): CodeIgniter\View\View->render('documentos/docu...', Array, true)
#4 C:\xampp\htdocs\sistemadalpe\app\Controllers\Documentos.php(37): view('documentos/docu...', Array)
#5 C:\xampp\htdocs\sistemadalpe\system\CodeIgniter.php(824): App\Controllers\Documentos->index()
#6 C:\xampp\htdocs\sistemadalpe\system\CodeIgniter.php(410): CodeIgniter\CodeIgniter->runController(Object(App\Controllers\Documentos))
#7 C:\xampp\htdocs\sistemadalpe\system\CodeIgniter.php(318): CodeIgniter\CodeIgniter->handleRequest(NULL, Object(Config\Cache), false)
#8 C:\xampp\htdocs\sistemadalpe\index.php(37): CodeIgniter\CodeIgniter->run()
#9 {main}
CRITICAL - 2022-03-28 13:02:06 --> Undefined offset: 2
#0 C:\xampp\htdocs\sistemadalpe\app\Views\documentos\documentos_index.php(45): CodeIgniter\Debug\Exceptions->errorHandler(8, 'Undefined offse...', 'C:\\xampp\\htdocs...', 45, Array)
#1 C:\xampp\htdocs\sistemadalpe\system\View\View.php(214): include('C:\\xampp\\htdocs...')
#2 C:\xampp\htdocs\sistemadalpe\system\View\View.php(217): CodeIgniter\View\View->CodeIgniter\View\{closure}()
#3 C:\xampp\htdocs\sistemadalpe\system\Common.php(1097): CodeIgniter\View\View->render('documentos/docu...', Array, true)
#4 C:\xampp\htdocs\sistemadalpe\app\Controllers\Documentos.php(37): view('documentos/docu...', Array)
#5 C:\xampp\htdocs\sistemadalpe\system\CodeIgniter.php(824): App\Controllers\Documentos->index()
#6 C:\xampp\htdocs\sistemadalpe\system\CodeIgniter.php(410): CodeIgniter\CodeIgniter->runController(Object(App\Controllers\Documentos))
#7 C:\xampp\htdocs\sistemadalpe\system\CodeIgniter.php(318): CodeIgniter\CodeIgniter->handleRequest(NULL, Object(Config\Cache), false)
#8 C:\xampp\htdocs\sistemadalpe\index.php(37): CodeIgniter\CodeIgniter->run()
#9 {main}
CRITICAL - 2022-03-28 13:02:54 --> Undefined offset: 2
#0 C:\xampp\htdocs\sistemadalpe\app\Views\documentos\documentos_index.php(45): CodeIgniter\Debug\Exceptions->errorHandler(8, 'Undefined offse...', 'C:\\xampp\\htdocs...', 45, Array)
#1 C:\xampp\htdocs\sistemadalpe\system\View\View.php(214): include('C:\\xampp\\htdocs...')
#2 C:\xampp\htdocs\sistemadalpe\system\View\View.php(217): CodeIgniter\View\View->CodeIgniter\View\{closure}()
#3 C:\xampp\htdocs\sistemadalpe\system\Common.php(1097): CodeIgniter\View\View->render('documentos/docu...', Array, true)
#4 C:\xampp\htdocs\sistemadalpe\app\Controllers\Documentos.php(37): view('documentos/docu...', Array)
#5 C:\xampp\htdocs\sistemadalpe\system\CodeIgniter.php(824): App\Controllers\Documentos->index()
#6 C:\xampp\htdocs\sistemadalpe\system\CodeIgniter.php(410): CodeIgniter\CodeIgniter->runController(Object(App\Controllers\Documentos))
#7 C:\xampp\htdocs\sistemadalpe\system\CodeIgniter.php(318): CodeIgniter\CodeIgniter->handleRequest(NULL, Object(Config\Cache), false)
#8 C:\xampp\htdocs\sistemadalpe\index.php(37): CodeIgniter\CodeIgniter->run()
#9 {main}
CRITICAL - 2022-03-28 13:02:55 --> Undefined offset: 2
#0 C:\xampp\htdocs\sistemadalpe\app\Views\documentos\documentos_index.php(45): CodeIgniter\Debug\Exceptions->errorHandler(8, 'Undefined offse...', 'C:\\xampp\\htdocs...', 45, Array)
#1 C:\xampp\htdocs\sistemadalpe\system\View\View.php(214): include('C:\\xampp\\htdocs...')
#2 C:\xampp\htdocs\sistemadalpe\system\View\View.php(217): CodeIgniter\View\View->CodeIgniter\View\{closure}()
#3 C:\xampp\htdocs\sistemadalpe\system\Common.php(1097): CodeIgniter\View\View->render('documentos/docu...', Array, true)
#4 C:\xampp\htdocs\sistemadalpe\app\Controllers\Documentos.php(37): view('documentos/docu...', Array)
#5 C:\xampp\htdocs\sistemadalpe\system\CodeIgniter.php(824): App\Controllers\Documentos->index()
#6 C:\xampp\htdocs\sistemadalpe\system\CodeIgniter.php(410): CodeIgniter\CodeIgniter->runController(Object(App\Controllers\Documentos))
#7 C:\xampp\htdocs\sistemadalpe\system\CodeIgniter.php(318): CodeIgniter\CodeIgniter->handleRequest(NULL, Object(Config\Cache), false)
#8 C:\xampp\htdocs\sistemadalpe\index.php(37): CodeIgniter\CodeIgniter->run()
#9 {main}
CRITICAL - 2022-03-28 13:02:56 --> Undefined offset: 2
#0 C:\xampp\htdocs\sistemadalpe\app\Views\documentos\documentos_index.php(45): CodeIgniter\Debug\Exceptions->errorHandler(8, 'Undefined offse...', 'C:\\xampp\\htdocs...', 45, Array)
#1 C:\xampp\htdocs\sistemadalpe\system\View\View.php(214): include('C:\\xampp\\htdocs...')
#2 C:\xampp\htdocs\sistemadalpe\system\View\View.php(217): CodeIgniter\View\View->CodeIgniter\View\{closure}()
#3 C:\xampp\htdocs\sistemadalpe\system\Common.php(1097): CodeIgniter\View\View->render('documentos/docu...', Array, true)
#4 C:\xampp\htdocs\sistemadalpe\app\Controllers\Documentos.php(37): view('documentos/docu...', Array)
#5 C:\xampp\htdocs\sistemadalpe\system\CodeIgniter.php(824): App\Controllers\Documentos->index()
#6 C:\xampp\htdocs\sistemadalpe\system\CodeIgniter.php(410): CodeIgniter\CodeIgniter->runController(Object(App\Controllers\Documentos))
#7 C:\xampp\htdocs\sistemadalpe\system\CodeIgniter.php(318): CodeIgniter\CodeIgniter->handleRequest(NULL, Object(Config\Cache), false)
#8 C:\xampp\htdocs\sistemadalpe\index.php(37): CodeIgniter\CodeIgniter->run()
#9 {main}
CRITICAL - 2022-03-28 13:02:59 --> Undefined offset: 2
#0 C:\xampp\htdocs\sistemadalpe\app\Views\documentos\documentos_index.php(45): CodeIgniter\Debug\Exceptions->errorHandler(8, 'Undefined offse...', 'C:\\xampp\\htdocs...', 45, Array)
#1 C:\xampp\htdocs\sistemadalpe\system\View\View.php(214): include('C:\\xampp\\htdocs...')
#2 C:\xampp\htdocs\sistemadalpe\system\View\View.php(217): CodeIgniter\View\View->CodeIgniter\View\{closure}()
#3 C:\xampp\htdocs\sistemadalpe\system\Common.php(1097): CodeIgniter\View\View->render('documentos/docu...', Array, true)
#4 C:\xampp\htdocs\sistemadalpe\app\Controllers\Documentos.php(37): view('documentos/docu...', Array)
#5 C:\xampp\htdocs\sistemadalpe\system\CodeIgniter.php(824): App\Controllers\Documentos->index()
#6 C:\xampp\htdocs\sistemadalpe\system\CodeIgniter.php(410): CodeIgniter\CodeIgniter->runController(Object(App\Controllers\Documentos))
#7 C:\xampp\htdocs\sistemadalpe\system\CodeIgniter.php(318): CodeIgniter\CodeIgniter->handleRequest(NULL, Object(Config\Cache), false)
#8 C:\xampp\htdocs\sistemadalpe\index.php(37): CodeIgniter\CodeIgniter->run()
#9 {main}
CRITICAL - 2022-03-28 21:19:23 --> Undefined index: teste
#0 C:\xampp\htdocs\sistemadalpe\app\Controllers\Home.php(43): CodeIgniter\Debug\Exceptions->errorHandler(8, 'Undefined index...', 'C:\\xampp\\htdocs...', 43, Array)
#1 C:\xampp\htdocs\sistemadalpe\system\CodeIgniter.php(824): App\Controllers\Home->teste()
#2 C:\xampp\htdocs\sistemadalpe\system\CodeIgniter.php(410): CodeIgniter\CodeIgniter->runController(Object(App\Controllers\Home))
#3 C:\xampp\htdocs\sistemadalpe\system\CodeIgniter.php(318): CodeIgniter\CodeIgniter->handleRequest(NULL, Object(Config\Cache), false)
#4 C:\xampp\htdocs\sistemadalpe\index.php(37): CodeIgniter\CodeIgniter->run()
#5 {main}
CRITICAL - 2022-03-28 21:19:40 --> Invalid argument supplied for foreach()
#0 C:\xampp\htdocs\sistemadalpe\app\Controllers\Home.php(43): CodeIgniter\Debug\Exceptions->errorHandler(2, 'Invalid argumen...', 'C:\\xampp\\htdocs...', 43, Array)
#1 C:\xampp\htdocs\sistemadalpe\system\CodeIgniter.php(824): App\Controllers\Home->teste()
#2 C:\xampp\htdocs\sistemadalpe\system\CodeIgniter.php(410): CodeIgniter\CodeIgniter->runController(Object(App\Controllers\Home))
#3 C:\xampp\htdocs\sistemadalpe\system\CodeIgniter.php(318): CodeIgniter\CodeIgniter->handleRequest(NULL, Object(Config\Cache), false)
#4 C:\xampp\htdocs\sistemadalpe\index.php(37): CodeIgniter\CodeIgniter->run()
#5 {main}
CRITICAL - 2022-03-28 21:23:25 --> Invalid argument supplied for foreach()
#0 C:\xampp\htdocs\sistemadalpe\app\Controllers\Home.php(44): CodeIgniter\Debug\Exceptions->errorHandler(2, 'Invalid argumen...', 'C:\\xampp\\htdocs...', 44, Array)
#1 C:\xampp\htdocs\sistemadalpe\system\CodeIgniter.php(824): App\Controllers\Home->teste()
#2 C:\xampp\htdocs\sistemadalpe\system\CodeIgniter.php(410): CodeIgniter\CodeIgniter->runController(Object(App\Controllers\Home))
#3 C:\xampp\htdocs\sistemadalpe\system\CodeIgniter.php(318): CodeIgniter\CodeIgniter->handleRequest(NULL, Object(Config\Cache), false)
#4 C:\xampp\htdocs\sistemadalpe\index.php(37): CodeIgniter\CodeIgniter->run()
#5 {main}
