CRITICAL - 2022-03-30 22:43:49 --> Undefined variable: department_options
#0 C:\xampp\htdocs\sistemadalpe\app\Views\licenciandos\licenciandos_adicionar.php(151): CodeIgniter\Debug\Exceptions->errorHandler(8, 'Undefined varia...', 'C:\\xampp\\htdocs...', 151, Array)
#1 C:\xampp\htdocs\sistemadalpe\system\View\View.php(214): include('C:\\xampp\\htdocs...')
#2 C:\xampp\htdocs\sistemadalpe\system\View\View.php(217): CodeIgniter\View\View->CodeIgniter\View\{closure}()
#3 C:\xampp\htdocs\sistemadalpe\system\Common.php(1097): CodeIgniter\View\View->render('licenciandos/li...', Array, true)
#4 C:\xampp\htdocs\sistemadalpe\app\Controllers\Licenciandos.php(83): view('licenciandos/li...', Array)
#5 C:\xampp\htdocs\sistemadalpe\system\CodeIgniter.php(824): App\Controllers\Licenciandos->adicionar()
#6 C:\xampp\htdocs\sistemadalpe\system\CodeIgniter.php(410): CodeIgniter\CodeIgniter->runController(Object(App\Controllers\Licenciandos))
#7 C:\xampp\htdocs\sistemadalpe\system\CodeIgniter.php(318): CodeIgniter\CodeIgniter->handleRequest(NULL, Object(Config\Cache), false)
#8 C:\xampp\htdocs\sistemadalpe\index.php(37): CodeIgniter\CodeIgniter->run()
#9 {main}
CRITICAL - 2022-03-30 22:44:11 --> Undefined property: CodeIgniter\View\View::$userauth
#0 C:\xampp\htdocs\sistemadalpe\app\Views\licenciandos\licenciandos_adicionar.php(145): CodeIgniter\Debug\Exceptions->errorHandler(8, 'Undefined prope...', 'C:\\xampp\\htdocs...', 145, Array)
#1 C:\xampp\htdocs\sistemadalpe\system\View\View.php(214): include('C:\\xampp\\htdocs...')
#2 C:\xampp\htdocs\sistemadalpe\system\View\View.php(217): CodeIgniter\View\View->CodeIgniter\View\{closure}()
#3 C:\xampp\htdocs\sistemadalpe\system\Common.php(1097): CodeIgniter\View\View->render('licenciandos/li...', Array, true)
#4 C:\xampp\htdocs\sistemadalpe\app\Controllers\Licenciandos.php(132): view('licenciandos/li...', Array)
#5 C:\xampp\htdocs\sistemadalpe\system\CodeIgniter.php(824): App\Controllers\Licenciandos->editar('67')
#6 C:\xampp\htdocs\sistemadalpe\system\CodeIgniter.php(410): CodeIgniter\CodeIgniter->runController(Object(App\Controllers\Licenciandos))
#7 C:\xampp\htdocs\sistemadalpe\system\CodeIgniter.php(318): CodeIgniter\CodeIgniter->handleRequest(NULL, Object(Config\Cache), false)
#8 C:\xampp\htdocs\sistemadalpe\index.php(37): CodeIgniter\CodeIgniter->run()
#9 {main}
